<?xml version="1.0" encoding="UTF-8"?>
<testsuite xmlns:xsi="http://www.w3.org/2001/XMLSchema-instance" xsi:noNamespaceSchemaLocation="https://maven.apache.org/surefire/maven-surefire-plugin/xsd/surefire-test-report.xsd" name="org.xrw.AppTest" time="2.223" tests="2" errors="1" skipped="0" failures="0">
  <properties>
    <property name="sun.desktop" value="windows"/>
    <property name="awt.toolkit" value="sun.awt.windows.WToolkit"/>
    <property name="file.encoding.pkg" value="sun.io"/>
    <property name="java.specification.version" value="1.8"/>
    <property name="sun.cpu.isalist" value="amd64"/>
    <property name="sun.jnu.encoding" value="GBK"/>
    <property name="java.class.path" value="F:\hadoop_stu\mapreduce-stu\target\test-classes;F:\hadoop_stu\mapreduce-stu\target\classes;D:\repository\junit\junit\4.11\junit-4.11.jar;D:\repository\org\hamcrest\hamcrest-core\1.3\hamcrest-core-1.3.jar;D:\repository\log4j\log4j\1.2.17\log4j-1.2.17.jar;D:\repository\org\apache\hadoop\hadoop-client\2.8.5\hadoop-client-2.8.5.jar;D:\repository\org\apache\hadoop\hadoop-common\2.8.5\hadoop-common-2.8.5.jar;D:\repository\com\google\guava\guava\11.0.2\guava-11.0.2.jar;D:\repository\commons-cli\commons-cli\1.2\commons-cli-1.2.jar;D:\repository\org\apache\commons\commons-math3\3.1.1\commons-math3-3.1.1.jar;D:\repository\xmlenc\xmlenc\0.52\xmlenc-0.52.jar;D:\repository\org\apache\httpcomponents\httpclient\4.5.2\httpclient-4.5.2.jar;D:\repository\org\apache\httpcomponents\httpcore\4.4.4\httpcore-4.4.4.jar;D:\repository\commons-codec\commons-codec\1.4\commons-codec-1.4.jar;D:\repository\commons-io\commons-io\2.4\commons-io-2.4.jar;D:\repository\commons-net\commons-net\3.1\commons-net-3.1.jar;D:\repository\commons-collections\commons-collections\3.2.2\commons-collections-3.2.2.jar;D:\repository\org\mortbay\jetty\jetty-sslengine\6.1.26\jetty-sslengine-6.1.26.jar;D:\repository\javax\servlet\jsp\jsp-api\2.1\jsp-api-2.1.jar;D:\repository\commons-logging\commons-logging\1.1.3\commons-logging-1.1.3.jar;D:\repository\commons-lang\commons-lang\2.6\commons-lang-2.6.jar;D:\repository\commons-configuration\commons-configuration\1.6\commons-configuration-1.6.jar;D:\repository\commons-digester\commons-digester\1.8\commons-digester-1.8.jar;D:\repository\commons-beanutils\commons-beanutils\1.7.0\commons-beanutils-1.7.0.jar;D:\repository\commons-beanutils\commons-beanutils-core\1.8.0\commons-beanutils-core-1.8.0.jar;D:\repository\org\slf4j\slf4j-api\1.7.10\slf4j-api-1.7.10.jar;D:\repository\org\slf4j\slf4j-log4j12\1.7.10\slf4j-log4j12-1.7.10.jar;D:\repository\org\codehaus\jackson\jackson-core-asl\1.9.13\jackson-core-asl-1.9.13.jar;D:\repository\org\codehaus\jackson\jackson-mapper-asl\1.9.13\jackson-mapper-asl-1.9.13.jar;D:\repository\org\apache\avro\avro\1.7.4\avro-1.7.4.jar;D:\repository\com\thoughtworks\paranamer\paranamer\2.3\paranamer-2.3.jar;D:\repository\org\xerial\snappy\snappy-java\1.0.4.1\snappy-java-1.0.4.1.jar;D:\repository\com\google\protobuf\protobuf-java\2.5.0\protobuf-java-2.5.0.jar;D:\repository\com\google\code\gson\gson\2.2.4\gson-2.2.4.jar;D:\repository\org\apache\hadoop\hadoop-auth\2.8.5\hadoop-auth-2.8.5.jar;D:\repository\com\nimbusds\nimbus-jose-jwt\4.41.1\nimbus-jose-jwt-4.41.1.jar;D:\repository\com\github\stephenc\jcip\jcip-annotations\1.0-1\jcip-annotations-1.0-1.jar;D:\repository\net\minidev\json-smart\2.3\json-smart-2.3.jar;D:\repository\net\minidev\accessors-smart\1.2\accessors-smart-1.2.jar;D:\repository\org\ow2\asm\asm\5.0.4\asm-5.0.4.jar;D:\repository\org\apache\directory\server\apacheds-kerberos-codec\2.0.0-M15\apacheds-kerberos-codec-2.0.0-M15.jar;D:\repository\org\apache\directory\server\apacheds-i18n\2.0.0-M15\apacheds-i18n-2.0.0-M15.jar;D:\repository\org\apache\directory\api\api-asn1-api\1.0.0-M20\api-asn1-api-1.0.0-M20.jar;D:\repository\org\apache\directory\api\api-util\1.0.0-M20\api-util-1.0.0-M20.jar;D:\repository\org\apache\curator\curator-framework\2.7.1\curator-framework-2.7.1.jar;D:\repository\org\apache\curator\curator-client\2.7.1\curator-client-2.7.1.jar;D:\repository\org\apache\curator\curator-recipes\2.7.1\curator-recipes-2.7.1.jar;D:\repository\com\google\code\findbugs\jsr305\3.0.0\jsr305-3.0.0.jar;D:\repository\org\apache\htrace\htrace-core4\4.0.1-incubating\htrace-core4-4.0.1-incubating.jar;D:\repository\org\apache\zookeeper\zookeeper\3.4.6\zookeeper-3.4.6.jar;D:\repository\io\netty\netty\3.7.0.Final\netty-3.7.0.Final.jar;D:\repository\org\apache\commons\commons-compress\1.4.1\commons-compress-1.4.1.jar;D:\repository\org\tukaani\xz\1.0\xz-1.0.jar;D:\repository\org\apache\hadoop\hadoop-hdfs-client\2.8.5\hadoop-hdfs-client-2.8.5.jar;D:\repository\com\squareup\okhttp\okhttp\2.4.0\okhttp-2.4.0.jar;D:\repository\com\squareup\okio\okio\1.4.0\okio-1.4.0.jar;D:\repository\org\apache\hadoop\hadoop-mapreduce-client-app\2.8.5\hadoop-mapreduce-client-app-2.8.5.jar;D:\repository\org\apache\hadoop\hadoop-mapreduce-client-common\2.8.5\hadoop-mapreduce-client-common-2.8.5.jar;D:\repository\org\apache\hadoop\hadoop-yarn-client\2.8.5\hadoop-yarn-client-2.8.5.jar;D:\repository\org\apache\hadoop\hadoop-yarn-server-common\2.8.5\hadoop-yarn-server-common-2.8.5.jar;D:\repository\org\apache\hadoop\hadoop-mapreduce-client-shuffle\2.8.5\hadoop-mapreduce-client-shuffle-2.8.5.jar;D:\repository\org\fusesource\leveldbjni\leveldbjni-all\1.8\leveldbjni-all-1.8.jar;D:\repository\org\apache\hadoop\hadoop-yarn-api\2.8.5\hadoop-yarn-api-2.8.5.jar;D:\repository\org\apache\hadoop\hadoop-mapreduce-client-core\2.8.5\hadoop-mapreduce-client-core-2.8.5.jar;D:\repository\org\apache\hadoop\hadoop-yarn-common\2.8.5\hadoop-yarn-common-2.8.5.jar;D:\repository\javax\xml\bind\jaxb-api\2.2.2\jaxb-api-2.2.2.jar;D:\repository\javax\xml\stream\stax-api\1.0-2\stax-api-1.0-2.jar;D:\repository\javax\activation\activation\1.1\activation-1.1.jar;D:\repository\javax\servlet\servlet-api\2.5\servlet-api-2.5.jar;D:\repository\org\mortbay\jetty\jetty-util\6.1.26\jetty-util-6.1.26.jar;D:\repository\com\sun\jersey\jersey-core\1.9\jersey-core-1.9.jar;D:\repository\com\sun\jersey\jersey-client\1.9\jersey-client-1.9.jar;D:\repository\org\codehaus\jackson\jackson-jaxrs\1.9.13\jackson-jaxrs-1.9.13.jar;D:\repository\org\codehaus\jackson\jackson-xc\1.9.13\jackson-xc-1.9.13.jar;D:\repository\org\apache\hadoop\hadoop-mapreduce-client-jobclient\2.8.5\hadoop-mapreduce-client-jobclient-2.8.5.jar;D:\repository\org\apache\hadoop\hadoop-annotations\2.8.5\hadoop-annotations-2.8.5.jar;"/>
    <property name="java.vm.vendor" value="Oracle Corporation"/>
    <property name="sun.arch.data.model" value="64"/>
    <property name="user.variant" value=""/>
    <property name="java.vendor.url" value="http://java.oracle.com/"/>
    <property name="user.timezone" value=""/>
    <property name="java.vm.specification.version" value="1.8"/>
    <property name="os.name" value="Windows 10"/>
    <property name="user.country" value="CN"/>
    <property name="sun.java.launcher" value="SUN_STANDARD"/>
    <property name="sun.boot.library.path" value="C:\Program Files\Java\jdk1.8.0_101\jre\bin"/>
    <property name="sun.java.command" value="C:\Users\XIAORE~1\AppData\Local\Temp\surefire7235651122880046647\surefirebooter3414850311286216426.jar C:\Users\xiaorenwu\AppData\Local\Temp\surefire7235651122880046647 2018-10-28T17-11-19_710-jvmRun1 surefire5560675539445668759tmp surefire_02551570884106064440tmp"/>
    <property name="surefire.test.class.path" value="F:\hadoop_stu\mapreduce-stu\target\test-classes;F:\hadoop_stu\mapreduce-stu\target\classes;D:\repository\junit\junit\4.11\junit-4.11.jar;D:\repository\org\hamcrest\hamcrest-core\1.3\hamcrest-core-1.3.jar;D:\repository\log4j\log4j\1.2.17\log4j-1.2.17.jar;D:\repository\org\apache\hadoop\hadoop-client\2.8.5\hadoop-client-2.8.5.jar;D:\repository\org\apache\hadoop\hadoop-common\2.8.5\hadoop-common-2.8.5.jar;D:\repository\com\google\guava\guava\11.0.2\guava-11.0.2.jar;D:\repository\commons-cli\commons-cli\1.2\commons-cli-1.2.jar;D:\repository\org\apache\commons\commons-math3\3.1.1\commons-math3-3.1.1.jar;D:\repository\xmlenc\xmlenc\0.52\xmlenc-0.52.jar;D:\repository\org\apache\httpcomponents\httpclient\4.5.2\httpclient-4.5.2.jar;D:\repository\org\apache\httpcomponents\httpcore\4.4.4\httpcore-4.4.4.jar;D:\repository\commons-codec\commons-codec\1.4\commons-codec-1.4.jar;D:\repository\commons-io\commons-io\2.4\commons-io-2.4.jar;D:\repository\commons-net\commons-net\3.1\commons-net-3.1.jar;D:\repository\commons-collections\commons-collections\3.2.2\commons-collections-3.2.2.jar;D:\repository\org\mortbay\jetty\jetty-sslengine\6.1.26\jetty-sslengine-6.1.26.jar;D:\repository\javax\servlet\jsp\jsp-api\2.1\jsp-api-2.1.jar;D:\repository\commons-logging\commons-logging\1.1.3\commons-logging-1.1.3.jar;D:\repository\commons-lang\commons-lang\2.6\commons-lang-2.6.jar;D:\repository\commons-configuration\commons-configuration\1.6\commons-configuration-1.6.jar;D:\repository\commons-digester\commons-digester\1.8\commons-digester-1.8.jar;D:\repository\commons-beanutils\commons-beanutils\1.7.0\commons-beanutils-1.7.0.jar;D:\repository\commons-beanutils\commons-beanutils-core\1.8.0\commons-beanutils-core-1.8.0.jar;D:\repository\org\slf4j\slf4j-api\1.7.10\slf4j-api-1.7.10.jar;D:\repository\org\slf4j\slf4j-log4j12\1.7.10\slf4j-log4j12-1.7.10.jar;D:\repository\org\codehaus\jackson\jackson-core-asl\1.9.13\jackson-core-asl-1.9.13.jar;D:\repository\org\codehaus\jackson\jackson-mapper-asl\1.9.13\jackson-mapper-asl-1.9.13.jar;D:\repository\org\apache\avro\avro\1.7.4\avro-1.7.4.jar;D:\repository\com\thoughtworks\paranamer\paranamer\2.3\paranamer-2.3.jar;D:\repository\org\xerial\snappy\snappy-java\1.0.4.1\snappy-java-1.0.4.1.jar;D:\repository\com\google\protobuf\protobuf-java\2.5.0\protobuf-java-2.5.0.jar;D:\repository\com\google\code\gson\gson\2.2.4\gson-2.2.4.jar;D:\repository\org\apache\hadoop\hadoop-auth\2.8.5\hadoop-auth-2.8.5.jar;D:\repository\com\nimbusds\nimbus-jose-jwt\4.41.1\nimbus-jose-jwt-4.41.1.jar;D:\repository\com\github\stephenc\jcip\jcip-annotations\1.0-1\jcip-annotations-1.0-1.jar;D:\repository\net\minidev\json-smart\2.3\json-smart-2.3.jar;D:\repository\net\minidev\accessors-smart\1.2\accessors-smart-1.2.jar;D:\repository\org\ow2\asm\asm\5.0.4\asm-5.0.4.jar;D:\repository\org\apache\directory\server\apacheds-kerberos-codec\2.0.0-M15\apacheds-kerberos-codec-2.0.0-M15.jar;D:\repository\org\apache\directory\server\apacheds-i18n\2.0.0-M15\apacheds-i18n-2.0.0-M15.jar;D:\repository\org\apache\directory\api\api-asn1-api\1.0.0-M20\api-asn1-api-1.0.0-M20.jar;D:\repository\org\apache\directory\api\api-util\1.0.0-M20\api-util-1.0.0-M20.jar;D:\repository\org\apache\curator\curator-framework\2.7.1\curator-framework-2.7.1.jar;D:\repository\org\apache\curator\curator-client\2.7.1\curator-client-2.7.1.jar;D:\repository\org\apache\curator\curator-recipes\2.7.1\curator-recipes-2.7.1.jar;D:\repository\com\google\code\findbugs\jsr305\3.0.0\jsr305-3.0.0.jar;D:\repository\org\apache\htrace\htrace-core4\4.0.1-incubating\htrace-core4-4.0.1-incubating.jar;D:\repository\org\apache\zookeeper\zookeeper\3.4.6\zookeeper-3.4.6.jar;D:\repository\io\netty\netty\3.7.0.Final\netty-3.7.0.Final.jar;D:\repository\org\apache\commons\commons-compress\1.4.1\commons-compress-1.4.1.jar;D:\repository\org\tukaani\xz\1.0\xz-1.0.jar;D:\repository\org\apache\hadoop\hadoop-hdfs-client\2.8.5\hadoop-hdfs-client-2.8.5.jar;D:\repository\com\squareup\okhttp\okhttp\2.4.0\okhttp-2.4.0.jar;D:\repository\com\squareup\okio\okio\1.4.0\okio-1.4.0.jar;D:\repository\org\apache\hadoop\hadoop-mapreduce-client-app\2.8.5\hadoop-mapreduce-client-app-2.8.5.jar;D:\repository\org\apache\hadoop\hadoop-mapreduce-client-common\2.8.5\hadoop-mapreduce-client-common-2.8.5.jar;D:\repository\org\apache\hadoop\hadoop-yarn-client\2.8.5\hadoop-yarn-client-2.8.5.jar;D:\repository\org\apache\hadoop\hadoop-yarn-server-common\2.8.5\hadoop-yarn-server-common-2.8.5.jar;D:\repository\org\apache\hadoop\hadoop-mapreduce-client-shuffle\2.8.5\hadoop-mapreduce-client-shuffle-2.8.5.jar;D:\repository\org\fusesource\leveldbjni\leveldbjni-all\1.8\leveldbjni-all-1.8.jar;D:\repository\org\apache\hadoop\hadoop-yarn-api\2.8.5\hadoop-yarn-api-2.8.5.jar;D:\repository\org\apache\hadoop\hadoop-mapreduce-client-core\2.8.5\hadoop-mapreduce-client-core-2.8.5.jar;D:\repository\org\apache\hadoop\hadoop-yarn-common\2.8.5\hadoop-yarn-common-2.8.5.jar;D:\repository\javax\xml\bind\jaxb-api\2.2.2\jaxb-api-2.2.2.jar;D:\repository\javax\xml\stream\stax-api\1.0-2\stax-api-1.0-2.jar;D:\repository\javax\activation\activation\1.1\activation-1.1.jar;D:\repository\javax\servlet\servlet-api\2.5\servlet-api-2.5.jar;D:\repository\org\mortbay\jetty\jetty-util\6.1.26\jetty-util-6.1.26.jar;D:\repository\com\sun\jersey\jersey-core\1.9\jersey-core-1.9.jar;D:\repository\com\sun\jersey\jersey-client\1.9\jersey-client-1.9.jar;D:\repository\org\codehaus\jackson\jackson-jaxrs\1.9.13\jackson-jaxrs-1.9.13.jar;D:\repository\org\codehaus\jackson\jackson-xc\1.9.13\jackson-xc-1.9.13.jar;D:\repository\org\apache\hadoop\hadoop-mapreduce-client-jobclient\2.8.5\hadoop-mapreduce-client-jobclient-2.8.5.jar;D:\repository\org\apache\hadoop\hadoop-annotations\2.8.5\hadoop-annotations-2.8.5.jar;"/>
    <property name="sun.cpu.endian" value="little"/>
    <property name="user.home" value="C:\Users\xiaorenwu"/>
    <property name="user.language" value="zh"/>
    <property name="java.specification.vendor" value="Oracle Corporation"/>
    <property name="java.home" value="C:\Program Files\Java\jdk1.8.0_101\jre"/>
    <property name="basedir" value="F:\hadoop_stu\mapreduce-stu"/>
    <property name="file.separator" value="\"/>
    <property name="line.separator" value="&#10;"/>
    <property name="java.vm.specification.vendor" value="Oracle Corporation"/>
    <property name="java.specification.name" value="Java Platform API Specification"/>
    <property name="java.awt.graphicsenv" value="sun.awt.Win32GraphicsEnvironment"/>
    <property name="surefire.real.class.path" value="C:\Users\XIAORE~1\AppData\Local\Temp\surefire7235651122880046647\surefirebooter3414850311286216426.jar"/>
    <property name="sun.boot.class.path" value="C:\Program Files\Java\jdk1.8.0_101\jre\lib\resources.jar;C:\Program Files\Java\jdk1.8.0_101\jre\lib\rt.jar;C:\Program Files\Java\jdk1.8.0_101\jre\lib\sunrsasign.jar;C:\Program Files\Java\jdk1.8.0_101\jre\lib\jsse.jar;C:\Program Files\Java\jdk1.8.0_101\jre\lib\jce.jar;C:\Program Files\Java\jdk1.8.0_101\jre\lib\charsets.jar;C:\Program Files\Java\jdk1.8.0_101\jre\lib\jfr.jar;C:\Program Files\Java\jdk1.8.0_101\jre\classes"/>
    <property name="user.script" value=""/>
    <property name="sun.management.compiler" value="HotSpot 64-Bit Tiered Compilers"/>
    <property name="java.runtime.version" value="1.8.0_101-b13"/>
    <property name="user.name" value="xiaorenwu"/>
    <property name="path.separator" value=";"/>
    <property name="os.version" value="10.0"/>
    <property name="java.endorsed.dirs" value="C:\Program Files\Java\jdk1.8.0_101\jre\lib\endorsed"/>
    <property name="java.runtime.name" value="Java(TM) SE Runtime Environment"/>
    <property name="file.encoding" value="GBK"/>
    <property name="java.vm.name" value="Java HotSpot(TM) 64-Bit Server VM"/>
    <property name="localRepository" value="D:\repository"/>
    <property name="java.vendor.url.bug" value="http://bugreport.sun.com/bugreport/"/>
    <property name="java.io.tmpdir" value="C:\Users\XIAORE~1\AppData\Local\Temp\"/>
    <property name="idea.version" value="2018.1"/>
    <property name="java.version" value="1.8.0_101"/>
    <property name="user.dir" value="F:\hadoop_stu\mapreduce-stu"/>
    <property name="os.arch" value="amd64"/>
    <property name="java.vm.specification.name" value="Java Virtual Machine Specification"/>
    <property name="java.awt.printerjob" value="sun.awt.windows.WPrinterJob"/>
    <property name="sun.os.patch.level" value=""/>
    <property name="java.library.path" value="C:\Program Files\Java\jdk1.8.0_101\jre\bin;C:\Windows\Sun\Java\bin;C:\Windows\system32;C:\Windows;C:\ProgramData\Oracle\Java\javapath;C:\Windows\system32;C:\Windows;C:\Windows\System32\Wbem;C:\Windows\System32\WindowsPowerShell\v1.0\;C:\Windows\System32\OpenSSH\;C:\Program Files\Java\jdk1.8.0_101\bin;C:\Program Files\Java\jdk1.8.0_101\jre\bin;D:\Program Files\Git\cmd;C:\Program Files (x86)\Windows Kits\8.1\Windows Performance Toolkit\;C:\Program Files\Microsoft SQL Server\110\Tools\Binn\;D:\developer\mysql-5.7.23-winx64\bin;%HADOOP_HOME%\bin;C:\Users\xiaorenwu\AppData\Local\Microsoft\WindowsApps;;."/>
    <property name="java.vm.info" value="mixed mode"/>
    <property name="java.vendor" value="Oracle Corporation"/>
    <property name="java.vm.version" value="25.101-b13"/>
    <property name="java.ext.dirs" value="C:\Program Files\Java\jdk1.8.0_101\jre\lib\ext;C:\Windows\Sun\Java\lib\ext"/>
    <property name="sun.io.unicode.encoding" value="UnicodeLittle"/>
    <property name="java.class.version" value="52.0"/>
  </properties>
  <testcase name="shouldAnswerWithTrue" classname="org.xrw.AppTest" time="0.025"/>
  <testcase name="test" classname="org.xrw.AppTest" time="2.152">
    <error message="Target /word is a directory" type="java.io.IOException">java.io.IOException: Target /word is a directory
	at org.xrw.AppTest.test(AppTest.java:47)
</error>
    <system-out><![CDATA[[WARN ] 2018-10-28 17:11:22,175 method:org.apache.hadoop.util.NativeCodeLoader.<clinit>(NativeCodeLoader.java:62)
Unable to load native-hadoop library for your platform... using builtin-java classes where applicable
]]></system-out>
  </testcase>
</testsuite>